<?xml version="1.0" encoding="UTF-8"?>
<!-- Generated by org.testng.reporters.JUnitReportReporter -->
<testsuite skipped="0" hostname="Sumeja-PC" name="testCases.Create_Collection" tests="2" failures="0" timestamp="2020-07-23T03:06:45 CEST" time="19.832" errors="0">
  <testcase name="status_code_should_be_200" time="4.122" classname="testCases.Create_Collection"/>
  <system-out/>
  <testcase name="collection_should__not_be_created_negative_test" time="15.710" classname="testCases.Create_Collection"/>
  <system-out/>
</testsuite> <!-- testCases.Create_Collection -->
