<?xml version="1.0" encoding="UTF-8"?>
<!-- Generated by org.testng.reporters.JUnitReportReporter -->
<testsuite skipped="0" hostname="Sumeja-PC" name="Test02_Get" tests="1" failures="0" timestamp="2020-07-22T00:45:41 CEST" time="10.956" errors="0">
  <testcase name="queryParameter" time="10.956" classname="Test02_Get"/>
  <system-out/>
</testsuite> <!-- Test02_Get -->
