<?xml version="1.0" encoding="UTF-8"?>
<!-- Generated by org.testng.reporters.JUnitReportReporter -->
<testsuite skipped="0" hostname="Sumeja-PC" name="All_Collections01" tests="1" failures="0" timestamp="2020-07-22T10:49:00 CEST" time="7.950" errors="0">
  <testcase name="status_code_should_be_200" time="7.950" classname="All_Collections01"/>
  <system-out/>
</testsuite> <!-- All_Collections01 -->
