<?xml version="1.0" encoding="UTF-8"?>
<!-- Generated by org.testng.reporters.JUnitReportReporter -->
<testsuite skipped="0" hostname="Sumeja-PC" name="testCases.All_Collections" tests="6" failures="0" timestamp="2020-07-23T03:06:45 CEST" time="17.305" errors="0">
  <testcase name="name_should_be_My_Collection" time="3.386" classname="testCases.All_Collections"/>
  <system-out/>
  <testcase name="check_the_uid" time="2.609" classname="testCases.All_Collections"/>
  <system-out/>
  <testcase name="status_code_should_be_200" time="2.481" classname="testCases.All_Collections"/>
  <system-out/>
  <testcase name="owner_should_be_10144889" time="2.534" classname="testCases.All_Collections"/>
  <system-out/>
  <testcase name="check_the_arrey_isnt_empty" time="3.588" classname="testCases.All_Collections"/>
  <system-out/>
  <testcase name="check_the_id" time="2.707" classname="testCases.All_Collections"/>
  <system-out/>
</testsuite> <!-- testCases.All_Collections -->
