<?xml version="1.0" encoding="UTF-8"?>
<!-- Generated by org.testng.reporters.JUnitReportReporter -->
<testsuite skipped="0" hostname="Sumeja-PC" name="Single_Collection" tests="3" failures="0" timestamp="2020-07-23T02:36:28 CEST" time="25.521" errors="0">
  <testcase name="check_the_postman_id" time="21.565" classname="Single_Collection"/>
  <system-out/>
  <testcase name="checking_response_without_apikey_negative_test" time="2.666" classname="Single_Collection"/>
  <system-out/>
  <testcase name="status_code_should_be_200" time="1.290" classname="Single_Collection"/>
  <system-out/>
</testsuite> <!-- Single_Collection -->
