<?xml version="1.0" encoding="UTF-8"?>
<!-- Generated by org.testng.reporters.JUnitReportReporter -->
<testsuite skipped="0" hostname="Sumeja-PC" name="All_Collections" tests="6" failures="0" timestamp="2020-07-23T03:00:22 CEST" time="19.173" errors="0">
  <testcase name="check_the_arrey_isnt_empty" time="11.276" classname="All_Collections"/>
  <system-out/>
  <testcase name="check_the_uid" time="1.226" classname="All_Collections"/>
  <system-out/>
  <testcase name="status_code_should_be_200" time="1.369" classname="All_Collections"/>
  <system-out/>
  <testcase name="check_the_id" time="2.764" classname="All_Collections"/>
  <system-out/>
  <testcase name="name_should_be_My_Collection" time="1.192" classname="All_Collections"/>
  <system-out/>
  <testcase name="owner_should_be_10144889" time="1.346" classname="All_Collections"/>
  <system-out/>
</testsuite> <!-- All_Collections -->
