<?xml version="1.0" encoding="UTF-8"?>
<!-- Generated by org.testng.reporters.JUnitReportReporter -->
<testsuite skipped="0" hostname="Sumeja-PC" name="Test01_GET" tests="1" failures="0" timestamp="2020-07-22T11:57:05 CEST" time="12.381" errors="0">
  <testcase name="Test_01" time="12.381" classname="Test01_GET"/>
  <system-out/>
</testsuite> <!-- Test01_GET -->
