<?xml version="1.0" encoding="UTF-8"?>
<!-- Generated by org.testng.reporters.JUnitReportReporter -->
<testsuite skipped="0" hostname="Sumeja-PC" name="Create_Collection" tests="2" failures="0" timestamp="2020-07-23T02:33:50 CEST" time="16.035" errors="0">
  <testcase name="collection_should__not_be_created_Negative_test" time="13.613" classname="Create_Collection"/>
  <system-out/>
  <testcase name="status_code_should_be_200" time="2.422" classname="Create_Collection"/>
  <system-out/>
</testsuite> <!-- Create_Collection -->
