<?xml version="1.0" encoding="UTF-8"?>
<!-- Generated by org.testng.reporters.JUnitReportReporter -->
<testsuite skipped="0" hostname="Sumeja-PC" name="testCases.Single_Collection" tests="3" failures="0" timestamp="2020-07-23T03:06:45 CEST" time="8.494" errors="0">
  <testcase name="check_the_postman_id" time="2.536" classname="testCases.Single_Collection"/>
  <system-out/>
  <testcase name="status_code_should_be_200" time="2.397" classname="testCases.Single_Collection"/>
  <system-out/>
  <testcase name="checking_response_without_apikey_negative_test" time="3.561" classname="testCases.Single_Collection"/>
  <system-out/>
</testsuite> <!-- testCases.Single_Collection -->
