<?xml version="1.0" encoding="UTF-8"?>
<!-- Generated by org.testng.reporters.JUnitReportReporter -->
<testsuite skipped="0" hostname="Sumeja-PC" name="pokusaj" tests="1" failures="0" timestamp="2020-07-22T21:48:19 CEST" time="11.635" errors="0">
  <testcase name="kreiranje" time="11.635" classname="pokusaj"/>
  <system-out/>
</testsuite> <!-- pokusaj -->
